<?xml version="1.0" encoding="UTF-8"?>
<Site BuildName="Win32-mingw32-make"
	BuildStamp="20240113-1935-Experimental"
	Name="DESKTOP-KD6GN1K"
	Generator="ctest-3.28.1"
	CompilerName="C:/MinGW/bin/g++.exe"
	CompilerVersion="6.3.0"
	OSName="Windows"
	Hostname="DESKTOP-KD6GN1K"
	OSRelease=" Professional"
	OSVersion=" (Build 19045)"
	OSPlatform="AMD64"
	Is64Bits="1"
	VendorString="GenuineIntel"
	VendorID="Intel Corporation"
	FamilyID="6"
	ModelID="14"
	ProcessorCacheSize="-1"
	NumberOfLogicalCPU="4"
	NumberOfPhysicalCPU="2"
	TotalVirtualMemory="37517"
	TotalPhysicalMemory="12143"
	LogicalProcessorsPerPhysical="2"
	ProcessorClockFrequency="2808"
	>
	<Testing>
		<StartDateTime>Jan 13 23:53 Morocco Summer Time</StartDateTime>
		<StartTestTime>1705186426</StartTestTime>
		<TestList/>
		<EndDateTime>Jan 13 23:53 Morocco Summer Time</EndDateTime>
		<EndTestTime>1705186426</EndTestTime>
		<ElapsedMinutes>0</ElapsedMinutes>
	</Testing>
</Site>
